<?xml version="1.0" encoding="UTF-8"?>
<testsuite errors="0" failures="0" file="test_store_access_log_tests.py" name="test_store_access_log_tests.TestStoreAccessLog-20210521125610" skipped="0" tests="4" time="0.080" timestamp="2021-05-21T12:56:14">
	<testcase classname="test_store_access_log_tests.TestStoreAccessLog" name="test_store_access_log_exists_ok" time="0.035" timestamp="2021-05-21T12:56:14"/>
	<testcase classname="test_store_access_log_tests.TestStoreAccessLog" name="test_store_access_log_not_exists_create_error" time="0.011" timestamp="2021-05-21T12:56:14"/>
	<testcase classname="test_store_access_log_tests.TestStoreAccessLog" name="test_store_access_log_not_exists_ok" time="0.028" timestamp="2021-05-21T12:56:14"/>
	<testcase classname="test_store_access_log_tests.TestStoreAccessLog" name="test_store_access_log_not_exists_write_error" time="0.007" timestamp="2021-05-21T12:56:14"/>
</testsuite>
