<?xml version="1.0" encoding="UTF-8"?>
<testsuite errors="0" failures="0" file="test_request_access_code_tests.py" name="test_request_access_code_tests.MyTestCase-20210521125610" skipped="0" tests="2" time="0.074" timestamp="2021-05-21T12:56:13">
	<testcase classname="test_request_access_code_tests.MyTestCase" name="test_invalid_days_character" time="0.002" timestamp="2021-05-21T12:56:13"/>
	<testcase classname="test_request_access_code_tests.MyTestCase" name="test_parametrized_cases_tests" time="0.072" timestamp="2021-05-21T12:56:13"/>
</testsuite>
