<?xml version="1.0" encoding="UTF-8"?>
<testsuite name="test_revoke_key_tests.TestRevokeKey-20210521114924" tests="7" file="test_revoke_key_tests.py" time="0.222" timestamp="2021-05-21T11:49:25" failures="0" errors="0" skipped="0">
	<testcase classname="test_revoke_key_tests.TestRevokeKey" name="test_revoke_key_all_ok_tests" time="0.006" timestamp="2021-05-21T11:49:24"/>
	<testcase classname="test_revoke_key_tests.TestRevokeKey" name="test_revoke_key_boolean_path_tests" time="0.001" timestamp="2021-05-21T11:49:24"/>
	<testcase classname="test_revoke_key_tests.TestRevokeKey" name="test_revoke_key_empty_path_tests" time="0.001" timestamp="2021-05-21T11:49:24"/>
	<testcase classname="test_revoke_key_tests.TestRevokeKey" name="test_revoke_key_integer_path_tests" time="0.000" timestamp="2021-05-21T11:49:24"/>
	<testcase classname="test_revoke_key_tests.TestRevokeKey" name="test_revoke_key_null_path_tests" time="0.001" timestamp="2021-05-21T11:49:24"/>
	<testcase classname="test_revoke_key_tests.TestRevokeKey" name="test_revoke_key_wrong_path_tests" time="0.001" timestamp="2021-05-21T11:49:24"/>
	<testcase classname="test_revoke_key_tests.TestRevokeKey" name="test_syntax_analysis_tests" time="0.212" timestamp="2021-05-21T11:49:25"/>
</testsuite>
