<?xml version="1.0" encoding="UTF-8"?>
<testsuite errors="0" failures="0" file="test_singleton_access_manager_tests.py" name="test_singleton_access_manager_tests.MyTestCase-20210521125606" skipped="0" tests="1" time="0.001" timestamp="2021-05-21T12:56:09">
	<testcase classname="test_singleton_access_manager_tests.MyTestCase" name="test_singleton_access_manager" time="0.001" timestamp="2021-05-21T12:56:09"/>
</testsuite>
