<?xml version="1.0" encoding="UTF-8"?>
<testsuite errors="0" failures="0" file="test_get_access_key_tests.py" name="test_get_access_key_tests.TestAccessManager-20210521125610" skipped="0" tests="1" time="0.495" timestamp="2021-05-21T12:56:13">
	<testcase classname="test_get_access_key_tests.TestAccessManager" name="test_parametrized_cases_tests" time="0.495" timestamp="2021-05-21T12:56:13"/>
</testsuite>
