<?xml version="1.0" encoding="UTF-8"?>
<testsuite errors="0" failures="0" file="test_open_door_tests.py" name="test_open_door_tests.TestAccessManager-20210521125610" skipped="0" tests="5" time="0.041" timestamp="2021-05-21T12:56:13">
	<testcase classname="test_open_door_tests.TestAccessManager" name="test_open_door_bad_key_is_expired" time="0.006" timestamp="2021-05-21T12:56:13"/>
	<testcase classname="test_open_door_tests.TestAccessManager" name="test_open_door_bad_key_is_not_found" time="0.003" timestamp="2021-05-21T12:56:13"/>
	<testcase classname="test_open_door_tests.TestAccessManager" name="test_open_door_bad_key_regex" time="0.003" timestamp="2021-05-21T12:56:13"/>
	<testcase classname="test_open_door_tests.TestAccessManager" name="test_open_door_good" time="0.005" timestamp="2021-05-21T12:56:13"/>
	<testcase classname="test_open_door_tests.TestAccessManager" name="test_open_door_resident" time="0.024" timestamp="2021-05-21T12:56:13"/>
</testsuite>
