<?xml version="1.0" encoding="UTF-8"?>
<testsuite errors="0" failures="0" file="test_singleton_access_manager_tests.py" name="test_singleton_access_manager_tests.MyTestCase-20210521125610" skipped="0" tests="1" time="0.004" timestamp="2021-05-21T12:56:14">
	<testcase classname="test_singleton_access_manager_tests.MyTestCase" name="test_singleton_access_manager" time="0.004" timestamp="2021-05-21T12:56:14"/>
</testsuite>
