<?xml version="1.0" encoding="UTF-8"?>
<testsuite errors="0" failures="0" file="test_revoke_key_tests.py" name="test_revoke_key_tests.TestRevokeKey-20210521125610" skipped="0" tests="7" time="0.150" timestamp="2021-05-21T12:56:14">
	<testcase classname="test_revoke_key_tests.TestRevokeKey" name="test_revoke_key_all_ok_tests" time="0.009" timestamp="2021-05-21T12:56:14"/>
	<testcase classname="test_revoke_key_tests.TestRevokeKey" name="test_revoke_key_boolean_path_tests" time="0.002" timestamp="2021-05-21T12:56:14"/>
	<testcase classname="test_revoke_key_tests.TestRevokeKey" name="test_revoke_key_empty_path_tests" time="0.003" timestamp="2021-05-21T12:56:14"/>
	<testcase classname="test_revoke_key_tests.TestRevokeKey" name="test_revoke_key_integer_path_tests" time="0.002" timestamp="2021-05-21T12:56:14"/>
	<testcase classname="test_revoke_key_tests.TestRevokeKey" name="test_revoke_key_null_path_tests" time="0.002" timestamp="2021-05-21T12:56:14"/>
	<testcase classname="test_revoke_key_tests.TestRevokeKey" name="test_revoke_key_wrong_path_tests" time="0.002" timestamp="2021-05-21T12:56:14"/>
	<testcase classname="test_revoke_key_tests.TestRevokeKey" name="test_syntax_analysis_tests" time="0.127" timestamp="2021-05-21T12:56:14"/>
</testsuite>
