<?xml version="1.0" encoding="UTF-8"?>
<testsuite name="test_store_access_log_tests.TestStoreAccessLog-20210521114924" tests="4" file="test_store_access_log_tests.py" time="0.034" timestamp="2021-05-21T11:49:25" failures="0" errors="0" skipped="0">
	<testcase classname="test_store_access_log_tests.TestStoreAccessLog" name="test_store_access_log_exists_ok" time="0.007" timestamp="2021-05-21T11:49:25"/>
	<testcase classname="test_store_access_log_tests.TestStoreAccessLog" name="test_store_access_log_not_exists_create_error" time="0.004" timestamp="2021-05-21T11:49:25"/>
	<testcase classname="test_store_access_log_tests.TestStoreAccessLog" name="test_store_access_log_not_exists_ok" time="0.022" timestamp="2021-05-21T11:49:25"/>
	<testcase classname="test_store_access_log_tests.TestStoreAccessLog" name="test_store_access_log_not_exists_write_error" time="0.001" timestamp="2021-05-21T11:49:25"/>
</testsuite>
